Build started 11/29/2015 11:11:33 AM.
     1>Project "E:\Space\VS2013\ASCIIRouge\ASCIIRouge\ASCIIRouge.vcxproj" on node 2 (Build target(s)).
     1>ClCompile:
         E:\Program Files (x86)\Microsoft Visual Studio 12.0\VC\bin\CL.exe /c /ZI /nologo /W3 /WX- /sdl /Od /Oy- /D _MBCS /Gm /EHsc /RTC1 /MDd /GS /fp:precise /Zc:wchar_t /Zc:forScope /Fo"Debug\\" /Fd"Debug\vc120.pdb" /Gd /TP /analyze- /errorReport:prompt GameSystem.cpp Level.cpp
         Level.cpp
     1>e:\space\vs2013\asciirouge\asciirouge\level.cpp(31): warning C4018: '<' : signed/unsigned mismatch
     1>e:\space\vs2013\asciirouge\asciirouge\level.cpp(32): warning C4018: '<' : signed/unsigned mismatch
     1>e:\space\vs2013\asciirouge\asciirouge\level.cpp(56): warning C4018: '<' : signed/unsigned mismatch
     1>e:\space\vs2013\asciirouge\asciirouge\level.cpp(100): warning C4018: '<' : signed/unsigned mismatch
     1>e:\space\vs2013\asciirouge\asciirouge\level.cpp(180): warning C4018: '<' : signed/unsigned mismatch
         GameSystem.cpp
         Generating Code...
       Link:
         E:\Program Files (x86)\Microsoft Visual Studio 12.0\VC\bin\link.exe /ERRORREPORT:PROMPT /OUT:"E:\Space\VS2013\ASCIIRouge\Debug\ASCIIRouge.exe" /INCREMENTAL /NOLOGO kernel32.lib user32.lib gdi32.lib winspool.lib comdlg32.lib advapi32.lib shell32.lib ole32.lib oleaut32.lib uuid.lib odbc32.lib odbccp32.lib /MANIFEST /MANIFESTUAC:"level='asInvoker' uiAccess='false'" /manifest:embed /DEBUG /PDB:"E:\Space\VS2013\ASCIIRouge\Debug\ASCIIRouge.pdb" /TLBID:1 /DYNAMICBASE /NXCOMPAT /IMPLIB:"E:\Space\VS2013\ASCIIRouge\Debug\ASCIIRouge.lib" /MACHINE:X86 Debug\Enemy.obj
         Debug\GameSystem.obj
         Debug\Level.obj
         Debug\main.obj
         Debug\Player.obj
         ASCIIRouge.vcxproj -> E:\Space\VS2013\ASCIIRouge\Debug\ASCIIRouge.exe
     1>Done Building Project "E:\Space\VS2013\ASCIIRouge\ASCIIRouge\ASCIIRouge.vcxproj" (Build target(s)).

Build succeeded.

Time Elapsed 00:00:01.04
